# JRE version: Java(TM) SE Runtime Environment (8.0_151-b12) (build 1.8.0_151-b12)
# Java VM: Java HotSpot(TM) 64-Bit Server VM (25.151-b12 mixed mode windows-amd64 compressed oops)
Heap:
 PSYoungGen      total 65536K, used 58944K [0x00000000eb100000, 0x00000000ef980000, 0x0000000100000000)
  eden space 58368K, 100% used [0x00000000eb100000,0x00000000eea00000,0x00000000eea00000)
  from space 7168K, 8% used [0x00000000ef100000,0x00000000ef190080,0x00000000ef800000)
  to   space 7168K, 0% used [0x00000000eea00000,0x00000000eea00000,0x00000000ef100000)
 ParOldGen       total 34816K, used 16915K [0x00000000c1200000, 0x00000000c3400000, 0x00000000eb100000)
  object space 34816K, 48% used [0x00000000c1200000,0x00000000c2284ec0,0x00000000c3400000)
 Metaspace       used 30506K, capacity 30974K, committed 31488K, reserved 1077248K
  class space    used 3597K, capacity 3770K, committed 3840K, reserved 1048576K
GC Heap History (10 events):
Event: 28.149 GC heap before
{Heap before GC invocations=23 (full 1):
 PSYoungGen      total 65536K, used 58816K [0x00000000eb100000, 0x00000000ef980000, 0x0000000100000000)
  eden space 58368K, 100% used [0x00000000eb100000,0x00000000eea00000,0x00000000eea00000)
  from space 7168K, 6% used [0x00000000eea00000,0x00000000eea70050,0x00000000ef100000)
  to   space 7168K, 0% used [0x00000000ef100000,0x00000000ef100000,0x00000000ef800000)
 ParOldGen       total 34816K, used 16455K [0x00000000c1200000, 0x00000000c3400000, 0x00000000eb100000)
  object space 34816K, 47% used [0x00000000c1200000,0x00000000c2211ca8,0x00000000c3400000)
 Metaspace       used 30420K, capacity 30886K, committed 31232K, reserved 1077248K
  class space    used 3595K, capacity 3766K, committed 3840K, reserved 1048576K
Event: 28.151 GC heap after
Heap after GC invocations=23 (full 1):
 PSYoungGen      total 65536K, used 416K [0x00000000eb100000, 0x00000000ef980000, 0x0000000100000000)
  eden space 58368K, 0% used [0x00000000eb100000,0x00000000eb100000,0x00000000eea00000)
  from space 7168K, 5% used [0x00000000ef100000,0x00000000ef168020,0x00000000ef800000)
  to   space 7168K, 0% used [0x00000000eea00000,0x00000000eea00000,0x00000000ef100000)
 ParOldGen       total 34816K, used 16535K [0x00000000c1200000, 0x00000000c3400000, 0x00000000eb100000)
  object space 34816K, 47% used [0x00000000c1200000,0x00000000c2225cc8,0x00000000c3400000)
 Metaspace       used 30420K, capacity 30886K, committed 31232K, reserved 1077248K
  class space    used 3595K, capacity 3766K, committed 3840K, reserved 1048576K
}
Event: 28.260 GC heap before
{Heap before GC invocations=24 (full 1):
 PSYoungGen      total 65536K, used 58784K [0x00000000eb100000, 0x00000000ef980000, 0x0000000100000000)
  eden space 58368K, 100% used [0x00000000eb100000,0x00000000eea00000,0x00000000eea00000)
  from space 7168K, 5% used [0x00000000ef100000,0x00000000ef168020,0x00000000ef800000)
  to   space 7168K, 0% used [0x00000000eea00000,0x00000000eea00000,0x00000000ef100000)
 ParOldGen       total 34816K, used 16535K [0x00000000c1200000, 0x00000000c3400000, 0x00000000eb100000)
  object space 34816K, 47% used [0x00000000c1200000,0x00000000c2225cc8,0x00000000c3400000)
 Metaspace       used 30475K, capacity 30974K, committed 31488K, reserved 1077248K
  class space    used 3597K, capacity 3770K, committed 3840K, reserved 1048576K
Event: 28.263 GC heap after
Heap after GC invocations=24 (full 1):
 PSYoungGen      total 65536K, used 464K [0x00000000eb100000, 0x00000000ef980000, 0x0000000100000000)
  eden space 58368K, 0% used [0x00000000eb100000,0x00000000eb100000,0x00000000eea00000)
  from space 7168K, 6% used [0x00000000eea00000,0x00000000eea74060,0x00000000ef100000)
  to   space 7168K, 0% used [0x00000000ef100000,0x00000000ef100000,0x00000000ef800000)
 ParOldGen       total 34816K, used 16639K [0x00000000c1200000, 0x00000000c3400000, 0x00000000eb100000)
  object space 34816K, 47% used [0x00000000c1200000,0x00000000c223fce8,0x00000000c3400000)
 Metaspace       used 30475K, capacity 30974K, committed 31488K, reserved 1077248K
  class space    used 3597K, capacity 3770K, committed 3840K, reserved 1048576K
}
Event: 28.747 GC heap before
{Heap before GC invocations=25 (full 1):
 PSYoungGen      total 65536K, used 58832K [0x00000000eb100000, 0x00000000ef980000, 0x0000000100000000)
  eden space 58368K, 100% used [0x00000000eb100000,0x00000000eea00000,0x00000000eea00000)
  from space 7168K, 6% used [0x00000000eea00000,0x00000000eea74060,0x00000000ef100000)
  to   space 7168K, 0% used [0x00000000ef100000,0x00000000ef100000,0x00000000ef800000)
 ParOldGen       total 34816K, used 16639K [0x00000000c1200000, 0x00000000c3400000, 0x00000000eb100000)
  object space 34816K, 47% used [0x00000000c1200000,0x00000000c223fce8,0x00000000c3400000)
 Metaspace       used 30488K, capacity 30974K, committed 31488K, reserved 1077248K
  class space    used 3597K, capacity 3770K, committed 3840K, reserved 1048576K
Event: 28.748 GC heap after
Heap after GC invocations=25 (full 1):
 PSYoungGen      total 65536K, used 592K [0x00000000eb100000, 0x00000000ef980000, 0x0000000100000000)
  eden space 58368K, 0% used [0x00000000eb100000,0x00000000eb100000,0x00000000eea00000)
  from space 7168K, 8% used [0x00000000ef100000,0x00000000ef194090,0x00000000ef800000)
  to   space 7168K, 0% used [0x00000000eea00000,0x00000000eea00000,0x00000000ef100000)
 ParOldGen       total 34816K, used 16743K [0x00000000c1200000, 0x00000000c3400000, 0x00000000eb100000)
  object space 34816K, 48% used [0x00000000c1200000,0x00000000c2259d08,0x00000000c3400000)
 Metaspace       used 30488K, capacity 30974K, committed 31488K, reserved 1077248K
  class space    used 3597K, capacity 3770K, committed 3840K, reserved 1048576K
}
Event: 28.827 GC heap before
{Heap before GC invocations=26 (full 1):
 PSYoungGen      total 65536K, used 58960K [0x00000000eb100000, 0x00000000ef980000, 0x0000000100000000)
  eden space 58368K, 100% used [0x00000000eb100000,0x00000000eea00000,0x00000000eea00000)
  from space 7168K, 8% used [0x00000000ef100000,0x00000000ef194090,0x00000000ef800000)
  to   space 7168K, 0% used [0x00000000eea00000,0x00000000eea00000,0x00000000ef100000)
 ParOldGen       total 34816K, used 16743K [0x00000000c1200000, 0x00000000c3400000, 0x00000000eb100000)
  object space 34816K, 48% used [0x00000000c1200000,0x00000000c2259d08,0x00000000c3400000)
 Metaspace       used 30496K, capacity 30974K, committed 31488K, reserved 1077248K
  class space    used 3597K, capacity 3770K, committed 3840K, reserved 1048576K
Event: 28.829 GC heap after
Heap after GC invocations=26 (full 1):
 PSYoungGen      total 65536K, used 400K [0x00000000eb100000, 0x00000000ef980000, 0x0000000100000000)
  eden space 58368K, 0% used [0x00000000eb100000,0x00000000eb100000,0x00000000eea00000)
  from space 7168K, 5% used [0x00000000eea00000,0x00000000eea64010,0x00000000ef100000)
  to   space 7168K, 0% used [0x00000000ef100000,0x00000000ef100000,0x00000000ef800000)
 ParOldGen       total 34816K, used 16831K [0x00000000c1200000, 0x00000000c3400000, 0x00000000eb100000)
  object space 34816K, 48% used [0x00000000c1200000,0x00000000c226fd28,0x00000000c3400000)
 Metaspace       used 30496K, capacity 30974K, committed 31488K, reserved 1077248K
  class space    used 3597K, capacity 3770K, committed 3840K, reserved 1048576K
}
Event: 28.904 GC heap before
{Heap before GC invocations=27 (full 1):
 PSYoungGen      total 65536K, used 58768K [0x00000000eb100000, 0x00000000ef980000, 0x0000000100000000)
  eden space 58368K, 100% used [0x00000000eb100000,0x00000000eea00000,0x00000000eea00000)
  from space 7168K, 5% used [0x00000000eea00000,0x00000000eea64010,0x00000000ef100000)
  to   space 7168K, 0% used [0x00000000ef100000,0x00000000ef100000,0x00000000ef800000)
 ParOldGen       total 34816K, used 16831K [0x00000000c1200000, 0x00000000c3400000, 0x00000000eb100000)
  object space 34816K, 48% used [0x00000000c1200000,0x00000000c226fd28,0x00000000c3400000)
 Metaspace       used 30506K, capacity 30974K, committed 31488K, reserved 1077248K
  class space    used 3597K, capacity 3770K, committed 3840K, reserved 1048576K
Event: 28.907 GC heap after
Heap after GC invocations=27 (full 1):
 PSYoungGen      total 65536K, used 576K [0x00000000eb100000, 0x00000000ef980000, 0x0000000100000000)
  eden space 58368K, 0% used [0x00000000eb100000,0x00000000eb100000,0x00000000eea00000)
  from space 7168K, 8% used [0x00000000ef100000,0x00000000ef190080,0x00000000ef800000)
  to   space 7168K, 0% used [0x00000000eea00000,0x00000000eea00000,0x00000000ef100000)
 ParOldGen       total 34816K, used 16915K [0x00000000c1200000, 0x00000000c3400000, 0x00000000eb100000)
  object space 34816K, 48% used [0x00000000c1200000,0x00000000c2284ec0,0x00000000c3400000)
 Metaspace       used 30506K, capacity 30974K, committed 31488K, reserved 1077248K
  class space    used 3597K, capacity 3770K, committed 3840K, reserved 1048576K
}

