# JRE version: Java(TM) SE Runtime Environment (8.0_151-b12) (build 1.8.0_151-b12)
# Java VM: Java HotSpot(TM) 64-Bit Server VM (25.151-b12 mixed mode windows-amd64 compressed oops)
Heap:
 PSYoungGen      total 350720K, used 175637K [0x00000000ea200000, 0x0000000100000000, 0x0000000100000000)
  eden space 344064K, 50% used [0x00000000ea200000,0x00000000f4abc580,0x00000000ff200000)
  from space 6656K, 42% used [0x00000000ff200000,0x00000000ff4c9190,0x00000000ff880000)
  to   space 6656K, 0% used [0x00000000ff980000,0x00000000ff980000,0x0000000100000000)
 ParOldGen       total 87552K, used 23995K [0x00000000be600000, 0x00000000c3b80000, 0x00000000ea200000)
  object space 87552K, 27% used [0x00000000be600000,0x00000000bfd6ece8,0x00000000c3b80000)
 Metaspace       used 32234K, capacity 32856K, committed 33100K, reserved 1079296K
  class space    used 3654K, capacity 3831K, committed 3916K, reserved 1048576K
GC Heap History (10 events):
Event: 30.970 GC heap before
{Heap before GC invocations=24 (full 1):
 PSYoungGen      total 349184K, used 343324K [0x00000000ea200000, 0x00000000ffe80000, 0x0000000100000000)
  eden space 341504K, 100% used [0x00000000ea200000,0x00000000fef80000,0x00000000fef80000)
  from space 7680K, 23% used [0x00000000ff700000,0x00000000ff8c7110,0x00000000ffe80000)
  to   space 7680K, 0% used [0x00000000fef80000,0x00000000fef80000,0x00000000ff700000)
 ParOldGen       total 87552K, used 21325K [0x00000000be600000, 0x00000000c3b80000, 0x00000000ea200000)
  object space 87552K, 24% used [0x00000000be600000,0x00000000bfad3600,0x00000000c3b80000)
 Metaspace       used 31796K, capacity 32374K, committed 32588K, reserved 1077248K
  class space    used 3635K, capacity 3799K, committed 3916K, reserved 1048576K
Event: 30.976 GC heap after
Heap after GC invocations=24 (full 1):
 PSYoungGen      total 349184K, used 1504K [0x00000000ea200000, 0x0000000100000000, 0x0000000100000000)
  eden space 341504K, 0% used [0x00000000ea200000,0x00000000ea200000,0x00000000fef80000)
  from space 7680K, 19% used [0x00000000fef80000,0x00000000ff0f8080,0x00000000ff700000)
  to   space 7680K, 0% used [0x00000000ff880000,0x00000000ff880000,0x0000000100000000)
 ParOldGen       total 87552K, used 21741K [0x00000000be600000, 0x00000000c3b80000, 0x00000000ea200000)
  object space 87552K, 24% used [0x00000000be600000,0x00000000bfb3b670,0x00000000c3b80000)
 Metaspace       used 31796K, capacity 32374K, committed 32588K, reserved 1077248K
  class space    used 3635K, capacity 3799K, committed 3916K, reserved 1048576K
}
Event: 31.540 GC heap before
{Heap before GC invocations=25 (full 1):
 PSYoungGen      total 349184K, used 343008K [0x00000000ea200000, 0x0000000100000000, 0x0000000100000000)
  eden space 341504K, 100% used [0x00000000ea200000,0x00000000fef80000,0x00000000fef80000)
  from space 7680K, 19% used [0x00000000fef80000,0x00000000ff0f8080,0x00000000ff700000)
  to   space 7680K, 0% used [0x00000000ff880000,0x00000000ff880000,0x0000000100000000)
 ParOldGen       total 87552K, used 21741K [0x00000000be600000, 0x00000000c3b80000, 0x00000000ea200000)
  object space 87552K, 24% used [0x00000000be600000,0x00000000bfb3b670,0x00000000c3b80000)
 Metaspace       used 31950K, capacity 32526K, committed 32844K, reserved 1079296K
  class space    used 3639K, capacity 3804K, committed 3916K, reserved 1048576K
Event: 31.546 GC heap after
Heap after GC invocations=25 (full 1):
 PSYoungGen      total 349696K, used 2825K [0x00000000ea200000, 0x00000000fff00000, 0x0000000100000000)
  eden space 343040K, 0% used [0x00000000ea200000,0x00000000ea200000,0x00000000ff100000)
  from space 6656K, 42% used [0x00000000ff880000,0x00000000ffb42708,0x00000000fff00000)
  to   space 7168K, 0% used [0x00000000ff100000,0x00000000ff100000,0x00000000ff800000)
 ParOldGen       total 87552K, used 22082K [0x00000000be600000, 0x00000000c3b80000, 0x00000000ea200000)
  object space 87552K, 25% used [0x00000000be600000,0x00000000bfb90858,0x00000000c3b80000)
 Metaspace       used 31950K, capacity 32526K, committed 32844K, reserved 1079296K
  class space    used 3639K, capacity 3804K, committed 3916K, reserved 1048576K
}
Event: 31.919 GC heap before
{Heap before GC invocations=26 (full 1):
 PSYoungGen      total 349696K, used 345865K [0x00000000ea200000, 0x00000000fff00000, 0x0000000100000000)
  eden space 343040K, 100% used [0x00000000ea200000,0x00000000ff100000,0x00000000ff100000)
  from space 6656K, 42% used [0x00000000ff880000,0x00000000ffb42708,0x00000000fff00000)
  to   space 7168K, 0% used [0x00000000ff100000,0x00000000ff100000,0x00000000ff800000)
 ParOldGen       total 87552K, used 22082K [0x00000000be600000, 0x00000000c3b80000, 0x00000000ea200000)
  object space 87552K, 25% used [0x00000000be600000,0x00000000bfb90858,0x00000000c3b80000)
 Metaspace       used 32052K, capacity 32726K, committed 33100K, reserved 1079296K
  class space    used 3646K, capacity 3817K, committed 3916K, reserved 1048576K
Event: 31.922 GC heap after
Heap after GC invocations=26 (full 1):
 PSYoungGen      total 350208K, used 1788K [0x00000000ea200000, 0x0000000100000000, 0x0000000100000000)
  eden space 343040K, 0% used [0x00000000ea200000,0x00000000ea200000,0x00000000ff100000)
  from space 7168K, 24% used [0x00000000ff100000,0x00000000ff2bf0c0,0x00000000ff800000)
  to   space 7168K, 0% used [0x00000000ff900000,0x00000000ff900000,0x0000000100000000)
 ParOldGen       total 87552K, used 23230K [0x00000000be600000, 0x00000000c3b80000, 0x00000000ea200000)
  object space 87552K, 26% used [0x00000000be600000,0x00000000bfcafa90,0x00000000c3b80000)
 Metaspace       used 32052K, capacity 32726K, committed 33100K, reserved 1079296K
  class space    used 3646K, capacity 3817K, committed 3916K, reserved 1048576K
}
Event: 32.227 GC heap before
{Heap before GC invocations=27 (full 1):
 PSYoungGen      total 350208K, used 344828K [0x00000000ea200000, 0x0000000100000000, 0x0000000100000000)
  eden space 343040K, 100% used [0x00000000ea200000,0x00000000ff100000,0x00000000ff100000)
  from space 7168K, 24% used [0x00000000ff100000,0x00000000ff2bf0c0,0x00000000ff800000)
  to   space 7168K, 0% used [0x00000000ff900000,0x00000000ff900000,0x0000000100000000)
 ParOldGen       total 87552K, used 23230K [0x00000000be600000, 0x00000000c3b80000, 0x00000000ea200000)
  object space 87552K, 26% used [0x00000000be600000,0x00000000bfcafa90,0x00000000c3b80000)
 Metaspace       used 32066K, capacity 32732K, committed 33100K, reserved 1079296K
  class space    used 3646K, capacity 3818K, committed 3916K, reserved 1048576K
Event: 32.239 GC heap after
Heap after GC invocations=27 (full 1):
 PSYoungGen      total 350208K, used 1616K [0x00000000ea200000, 0x00000000fff00000, 0x0000000100000000)
  eden space 344064K, 0% used [0x00000000ea200000,0x00000000ea200000,0x00000000ff200000)
  from space 6144K, 26% used [0x00000000ff900000,0x00000000ffa940e0,0x00000000fff00000)
  to   space 6656K, 0% used [0x00000000ff200000,0x00000000ff200000,0x00000000ff880000)
 ParOldGen       total 87552K, used 23654K [0x00000000be600000, 0x00000000c3b80000, 0x00000000ea200000)
  object space 87552K, 27% used [0x00000000be600000,0x00000000bfd19b00,0x00000000c3b80000)
 Metaspace       used 32066K, capacity 32732K, committed 33100K, reserved 1079296K
  class space    used 3646K, capacity 3818K, committed 3916K, reserved 1048576K
}
Event: 32.736 GC heap before
{Heap before GC invocations=28 (full 1):
 PSYoungGen      total 350208K, used 345680K [0x00000000ea200000, 0x00000000fff00000, 0x0000000100000000)
  eden space 344064K, 100% used [0x00000000ea200000,0x00000000ff200000,0x00000000ff200000)
  from space 6144K, 26% used [0x00000000ff900000,0x00000000ffa940e0,0x00000000fff00000)
  to   space 6656K, 0% used [0x00000000ff200000,0x00000000ff200000,0x00000000ff880000)
 ParOldGen       total 87552K, used 23654K [0x00000000be600000, 0x00000000c3b80000, 0x00000000ea200000)
  object space 87552K, 27% used [0x00000000be600000,0x00000000bfd19b00,0x00000000c3b80000)
 Metaspace       used 32192K, capacity 32850K, committed 33100K, reserved 1079296K
  class space    used 3653K, capacity 3829K, committed 3916K, reserved 1048576K
Event: 32.741 GC heap after
Heap after GC invocations=28 (full 1):
 PSYoungGen      total 350720K, used 2852K [0x00000000ea200000, 0x0000000100000000, 0x0000000100000000)
  eden space 344064K, 0% used [0x00000000ea200000,0x00000000ea200000,0x00000000ff200000)
  from space 6656K, 42% used [0x00000000ff200000,0x00000000ff4c9190,0x00000000ff880000)
  to   space 6656K, 0% used [0x00000000ff980000,0x00000000ff980000,0x0000000100000000)
 ParOldGen       total 87552K, used 23995K [0x00000000be600000, 0x00000000c3b80000, 0x00000000ea200000)
  object space 87552K, 27% used [0x00000000be600000,0x00000000bfd6ece8,0x00000000c3b80000)
 Metaspace       used 32192K, capacity 32850K, committed 33100K, reserved 1079296K
  class space    used 3653K, capacity 3829K, committed 3916K, reserved 1048576K
}

