# JRE version: Java(TM) SE Runtime Environment (8.0_151-b12) (build 1.8.0_151-b12)
# Java VM: Java HotSpot(TM) 64-Bit Server VM (25.151-b12 mixed mode windows-amd64 compressed oops)
Heap:
 PSYoungGen      total 274944K, used 239790K [0x00000000eb100000, 0x0000000100000000, 0x0000000100000000)
  eden space 262144K, 86% used [0x00000000eb100000,0x00000000f8eb10a0,0x00000000fb100000)
  from space 12800K, 99% used [0x00000000fb100000,0x00000000fbd7a9e0,0x00000000fbd80000)
  to   space 17408K, 0% used [0x00000000fef00000,0x00000000fef00000,0x0000000100000000)
 ParOldGen       total 57344K, used 39862K [0x00000000c1200000, 0x00000000c4a00000, 0x00000000eb100000)
  object space 57344K, 69% used [0x00000000c1200000,0x00000000c38edbf0,0x00000000c4a00000)
 Metaspace       used 26744K, capacity 27242K, committed 27264K, reserved 1073152K
  class space    used 3038K, capacity 3181K, committed 3200K, reserved 1048576K
GC Heap History (10 events):
Event: 101.092 GC heap before
{Heap before GC invocations=13 (full 1):
 PSYoungGen      total 111616K, used 110847K [0x00000000eb100000, 0x00000000f6380000, 0x0000000100000000)
  eden space 103936K, 100% used [0x00000000eb100000,0x00000000f1680000,0x00000000f1680000)
  from space 7680K, 89% used [0x00000000f1680000,0x00000000f1d3fcd0,0x00000000f1e00000)
  to   space 8192K, 0% used [0x00000000f5b80000,0x00000000f5b80000,0x00000000f6380000)
 ParOldGen       total 31232K, used 16913K [0x00000000c1200000, 0x00000000c3080000, 0x00000000eb100000)
  object space 31232K, 54% used [0x00000000c1200000,0x00000000c2284590,0x00000000c3080000)
 Metaspace       used 26100K, capacity 26662K, committed 26752K, reserved 1073152K
  class space    used 3037K, capacity 3181K, committed 3200K, reserved 1048576K
Event: 101.156 GC heap after
Heap after GC invocations=13 (full 1):
 PSYoungGen      total 174080K, used 7244K [0x00000000eb100000, 0x00000000f6480000, 0x0000000100000000)
  eden space 165888K, 0% used [0x00000000eb100000,0x00000000eb100000,0x00000000f5300000)
  from space 8192K, 88% used [0x00000000f5b80000,0x00000000f6293068,0x00000000f6380000)
  to   space 8704K, 0% used [0x00000000f5300000,0x00000000f5300000,0x00000000f5b80000)
 ParOldGen       total 31232K, used 21233K [0x00000000c1200000, 0x00000000c3080000, 0x00000000eb100000)
  object space 31232K, 67% used [0x00000000c1200000,0x00000000c26bc590,0x00000000c3080000)
 Metaspace       used 26100K, capacity 26662K, committed 26752K, reserved 1073152K
  class space    used 3037K, capacity 3181K, committed 3200K, reserved 1048576K
}
Event: 102.690 GC heap before
{Heap before GC invocations=14 (full 1):
 PSYoungGen      total 174080K, used 173132K [0x00000000eb100000, 0x00000000f6480000, 0x0000000100000000)
  eden space 165888K, 100% used [0x00000000eb100000,0x00000000f5300000,0x00000000f5300000)
  from space 8192K, 88% used [0x00000000f5b80000,0x00000000f6293068,0x00000000f6380000)
  to   space 8704K, 0% used [0x00000000f5300000,0x00000000f5300000,0x00000000f5b80000)
 ParOldGen       total 31232K, used 21233K [0x00000000c1200000, 0x00000000c3080000, 0x00000000eb100000)
  object space 31232K, 67% used [0x00000000c1200000,0x00000000c26bc590,0x00000000c3080000)
 Metaspace       used 26383K, capacity 26922K, committed 27008K, reserved 1073152K
  class space    used 3037K, capacity 3181K, committed 3200K, reserved 1048576K
Event: 102.836 GC heap after
Heap after GC invocations=14 (full 1):
 PSYoungGen      total 174592K, used 8694K [0x00000000eb100000, 0x00000000fcc80000, 0x0000000100000000)
  eden space 165888K, 0% used [0x00000000eb100000,0x00000000eb100000,0x00000000f5300000)
  from space 8704K, 99% used [0x00000000f5300000,0x00000000f5b7d940,0x00000000f5b80000)
  to   space 12288K, 0% used [0x00000000fc080000,0x00000000fc080000,0x00000000fcc80000)
 ParOldGen       total 31232K, used 28145K [0x00000000c1200000, 0x00000000c3080000, 0x00000000eb100000)
  object space 31232K, 90% used [0x00000000c1200000,0x00000000c2d7c458,0x00000000c3080000)
 Metaspace       used 26383K, capacity 26922K, committed 27008K, reserved 1073152K
  class space    used 3037K, capacity 3181K, committed 3200K, reserved 1048576K
}
Event: 102.836 GC heap before
{Heap before GC invocations=15 (full 2):
 PSYoungGen      total 174592K, used 8694K [0x00000000eb100000, 0x00000000fcc80000, 0x0000000100000000)
  eden space 165888K, 0% used [0x00000000eb100000,0x00000000eb100000,0x00000000f5300000)
  from space 8704K, 99% used [0x00000000f5300000,0x00000000f5b7d940,0x00000000f5b80000)
  to   space 12288K, 0% used [0x00000000fc080000,0x00000000fc080000,0x00000000fcc80000)
 ParOldGen       total 31232K, used 28145K [0x00000000c1200000, 0x00000000c3080000, 0x00000000eb100000)
  object space 31232K, 90% used [0x00000000c1200000,0x00000000c2d7c458,0x00000000c3080000)
 Metaspace       used 26383K, capacity 26922K, committed 27008K, reserved 1073152K
  class space    used 3037K, capacity 3181K, committed 3200K, reserved 1048576K
Event: 103.170 GC heap after
Heap after GC invocations=15 (full 2):
 PSYoungGen      total 174592K, used 2488K [0x00000000eb100000, 0x00000000fcc80000, 0x0000000100000000)
  eden space 165888K, 0% used [0x00000000eb100000,0x00000000eb100000,0x00000000f5300000)
  from space 8704K, 28% used [0x00000000f5300000,0x00000000f556e168,0x00000000f5b80000)
  to   space 12288K, 0% used [0x00000000fc080000,0x00000000fc080000,0x00000000fcc80000)
 ParOldGen       total 57344K, used 30878K [0x00000000c1200000, 0x00000000c4a00000, 0x00000000eb100000)
  object space 57344K, 53% used [0x00000000c1200000,0x00000000c3027b68,0x00000000c4a00000)
 Metaspace       used 26383K, capacity 26922K, committed 27008K, reserved 1073152K
  class space    used 3037K, capacity 3181K, committed 3200K, reserved 1048576K
}
Event: 105.249 GC heap before
{Heap before GC invocations=16 (full 2):
 PSYoungGen      total 174592K, used 168376K [0x00000000eb100000, 0x00000000fcc80000, 0x0000000100000000)
  eden space 165888K, 100% used [0x00000000eb100000,0x00000000f5300000,0x00000000f5300000)
  from space 8704K, 28% used [0x00000000f5300000,0x00000000f556e168,0x00000000f5b80000)
  to   space 12288K, 0% used [0x00000000fc080000,0x00000000fc080000,0x00000000fcc80000)
 ParOldGen       total 57344K, used 30878K [0x00000000c1200000, 0x00000000c4a00000, 0x00000000eb100000)
  object space 57344K, 53% used [0x00000000c1200000,0x00000000c3027b68,0x00000000c4a00000)
 Metaspace       used 26525K, capacity 26986K, committed 27008K, reserved 1073152K
  class space    used 3038K, capacity 3181K, committed 3200K, reserved 1048576K
Event: 105.301 GC heap after
Heap after GC invocations=16 (full 2):
 PSYoungGen      total 258560K, used 9233K [0x00000000eb100000, 0x00000000fca00000, 0x0000000100000000)
  eden space 248832K, 0% used [0x00000000eb100000,0x00000000eb100000,0x00000000fa400000)
  from space 9728K, 94% used [0x00000000fc080000,0x00000000fc984478,0x00000000fca00000)
  to   space 12800K, 0% used [0x00000000fb100000,0x00000000fb100000,0x00000000fbd80000)
 ParOldGen       total 57344K, used 31822K [0x00000000c1200000, 0x00000000c4a00000, 0x00000000eb100000)
  object space 57344K, 55% used [0x00000000c1200000,0x00000000c3113b68,0x00000000c4a00000)
 Metaspace       used 26525K, capacity 26986K, committed 27008K, reserved 1073152K
  class space    used 3038K, capacity 3181K, committed 3200K, reserved 1048576K
}
Event: 107.410 GC heap before
{Heap before GC invocations=17 (full 2):
 PSYoungGen      total 258560K, used 258065K [0x00000000eb100000, 0x00000000fca00000, 0x0000000100000000)
  eden space 248832K, 100% used [0x00000000eb100000,0x00000000fa400000,0x00000000fa400000)
  from space 9728K, 94% used [0x00000000fc080000,0x00000000fc984478,0x00000000fca00000)
  to   space 12800K, 0% used [0x00000000fb100000,0x00000000fb100000,0x00000000fbd80000)
 ParOldGen       total 57344K, used 31822K [0x00000000c1200000, 0x00000000c4a00000, 0x00000000eb100000)
  object space 57344K, 55% used [0x00000000c1200000,0x00000000c3113b68,0x00000000c4a00000)
 Metaspace       used 26670K, capacity 27178K, committed 27264K, reserved 1073152K
  class space    used 3038K, capacity 3181K, committed 3200K, reserved 1048576K
Event: 107.584 GC heap after
Heap after GC invocations=17 (full 2):
 PSYoungGen      total 274944K, used 12778K [0x00000000eb100000, 0x0000000100000000, 0x0000000100000000)
  eden space 262144K, 0% used [0x00000000eb100000,0x00000000eb100000,0x00000000fb100000)
  from space 12800K, 99% used [0x00000000fb100000,0x00000000fbd7a9e0,0x00000000fbd80000)
  to   space 17408K, 0% used [0x00000000fef00000,0x00000000fef00000,0x0000000100000000)
 ParOldGen       total 57344K, used 39862K [0x00000000c1200000, 0x00000000c4a00000, 0x00000000eb100000)
  object space 57344K, 69% used [0x00000000c1200000,0x00000000c38edbf0,0x00000000c4a00000)
 Metaspace       used 26670K, capacity 27178K, committed 27264K, reserved 1073152K
  class space    used 3038K, capacity 3181K, committed 3200K, reserved 1048576K
}

