# JRE version: Java(TM) SE Runtime Environment (8.0_151-b12) (build 1.8.0_151-b12)
# Java VM: Java HotSpot(TM) 64-Bit Server VM (25.151-b12 mixed mode windows-amd64 compressed oops)
Heap:
 PSYoungGen      total 349184K, used 210284K [0x00000000ea200000, 0x00000000fff00000, 0x0000000100000000)
  eden space 347136K, 60% used [0x00000000ea200000,0x00000000f6dd30e0,0x00000000ff500000)
  from space 2048K, 76% used [0x00000000ff500000,0x00000000ff6880a0,0x00000000ff700000)
  to   space 5120K, 0% used [0x00000000ffa00000,0x00000000ffa00000,0x00000000fff00000)
 ParOldGen       total 87552K, used 29111K [0x00000000be600000, 0x00000000c3b80000, 0x00000000ea200000)
  object space 87552K, 33% used [0x00000000be600000,0x00000000c026df58,0x00000000c3b80000)
 Metaspace       used 32743K, capacity 33386K, committed 33536K, reserved 1079296K
  class space    used 3660K, capacity 3836K, committed 3840K, reserved 1048576K
GC Heap History (10 events):
Event: 225.151 GC heap before
{Heap before GC invocations=30 (full 1):
 PSYoungGen      total 351232K, used 346502K [0x00000000ea200000, 0x00000000fff80000, 0x0000000100000000)
  eden space 345088K, 100% used [0x00000000ea200000,0x00000000ff300000,0x00000000ff300000)
  from space 6144K, 23% used [0x00000000ff900000,0x00000000ffa618a8,0x00000000fff00000)
  to   space 6144K, 0% used [0x00000000ff300000,0x00000000ff300000,0x00000000ff900000)
 ParOldGen       total 87552K, used 25738K [0x00000000be600000, 0x00000000c3b80000, 0x00000000ea200000)
  object space 87552K, 29% used [0x00000000be600000,0x00000000bff22840,0x00000000c3b80000)
 Metaspace       used 32447K, capacity 33076K, committed 33280K, reserved 1079296K
  class space    used 3653K, capacity 3827K, committed 3840K, reserved 1048576K
Event: 225.175 GC heap after
Heap after GC invocations=30 (full 1):
 PSYoungGen      total 351232K, used 2783K [0x00000000ea200000, 0x0000000100000000, 0x0000000100000000)
  eden space 345088K, 0% used [0x00000000ea200000,0x00000000ea200000,0x00000000ff300000)
  from space 6144K, 45% used [0x00000000ff300000,0x00000000ff5b7c80,0x00000000ff900000)
  to   space 6144K, 0% used [0x00000000ffa00000,0x00000000ffa00000,0x0000000100000000)
 ParOldGen       total 87552K, used 26162K [0x00000000be600000, 0x00000000c3b80000, 0x00000000ea200000)
  object space 87552K, 29% used [0x00000000be600000,0x00000000bff8ca38,0x00000000c3b80000)
 Metaspace       used 32447K, capacity 33076K, committed 33280K, reserved 1079296K
  class space    used 3653K, capacity 3827K, committed 3840K, reserved 1048576K
}
Event: 225.780 GC heap before
{Heap before GC invocations=31 (full 1):
 PSYoungGen      total 351232K, used 347871K [0x00000000ea200000, 0x0000000100000000, 0x0000000100000000)
  eden space 345088K, 100% used [0x00000000ea200000,0x00000000ff300000,0x00000000ff300000)
  from space 6144K, 45% used [0x00000000ff300000,0x00000000ff5b7c80,0x00000000ff900000)
  to   space 6144K, 0% used [0x00000000ffa00000,0x00000000ffa00000,0x0000000100000000)
 ParOldGen       total 87552K, used 26162K [0x00000000be600000, 0x00000000c3b80000, 0x00000000ea200000)
  object space 87552K, 29% used [0x00000000be600000,0x00000000bff8ca38,0x00000000c3b80000)
 Metaspace       used 32460K, capacity 33076K, committed 33280K, reserved 1079296K
  class space    used 3653K, capacity 3827K, committed 3840K, reserved 1048576K
Event: 225.788 GC heap after
Heap after GC invocations=31 (full 1):
 PSYoungGen      total 351232K, used 1568K [0x00000000ea200000, 0x00000000fff00000, 0x0000000100000000)
  eden space 346112K, 0% used [0x00000000ea200000,0x00000000ea200000,0x00000000ff400000)
  from space 5120K, 30% used [0x00000000ffa00000,0x00000000ffb880c0,0x00000000fff00000)
  to   space 5632K, 0% used [0x00000000ff400000,0x00000000ff400000,0x00000000ff980000)
 ParOldGen       total 87552K, used 27194K [0x00000000be600000, 0x00000000c3b80000, 0x00000000ea200000)
  object space 87552K, 31% used [0x00000000be600000,0x00000000c008eac8,0x00000000c3b80000)
 Metaspace       used 32460K, capacity 33076K, committed 33280K, reserved 1079296K
  class space    used 3653K, capacity 3827K, committed 3840K, reserved 1048576K
}
Event: 227.141 GC heap before
{Heap before GC invocations=32 (full 1):
 PSYoungGen      total 351232K, used 347671K [0x00000000ea200000, 0x00000000fff00000, 0x0000000100000000)
  eden space 346112K, 99% used [0x00000000ea200000,0x00000000ff3fdbd8,0x00000000ff400000)
  from space 5120K, 30% used [0x00000000ffa00000,0x00000000ffb880c0,0x00000000fff00000)
  to   space 5632K, 0% used [0x00000000ff400000,0x00000000ff400000,0x00000000ff980000)
 ParOldGen       total 87552K, used 27194K [0x00000000be600000, 0x00000000c3b80000, 0x00000000ea200000)
  object space 87552K, 31% used [0x00000000be600000,0x00000000c008eac8,0x00000000c3b80000)
 Metaspace       used 32640K, capacity 33316K, committed 33536K, reserved 1079296K
  class space    used 3659K, capacity 3835K, committed 3840K, reserved 1048576K
Event: 227.152 GC heap after
Heap after GC invocations=32 (full 1):
 PSYoungGen      total 351744K, used 2937K [0x00000000ea200000, 0x0000000100000000, 0x0000000100000000)
  eden space 346112K, 0% used [0x00000000ea200000,0x00000000ea200000,0x00000000ff400000)
  from space 5632K, 52% used [0x00000000ff400000,0x00000000ff6de728,0x00000000ff980000)
  to   space 5632K, 0% used [0x00000000ffa80000,0x00000000ffa80000,0x0000000100000000)
 ParOldGen       total 87552K, used 27599K [0x00000000be600000, 0x00000000c3b80000, 0x00000000ea200000)
  object space 87552K, 31% used [0x00000000be600000,0x00000000c00f3cc0,0x00000000c3b80000)
 Metaspace       used 32640K, capacity 33316K, committed 33536K, reserved 1079296K
  class space    used 3659K, capacity 3835K, committed 3840K, reserved 1048576K
}
Event: 227.615 GC heap before
{Heap before GC invocations=33 (full 1):
 PSYoungGen      total 351744K, used 349049K [0x00000000ea200000, 0x0000000100000000, 0x0000000100000000)
  eden space 346112K, 100% used [0x00000000ea200000,0x00000000ff400000,0x00000000ff400000)
  from space 5632K, 52% used [0x00000000ff400000,0x00000000ff6de728,0x00000000ff980000)
  to   space 5632K, 0% used [0x00000000ffa80000,0x00000000ffa80000,0x0000000100000000)
 ParOldGen       total 87552K, used 27599K [0x00000000be600000, 0x00000000c3b80000, 0x00000000ea200000)
  object space 87552K, 31% used [0x00000000be600000,0x00000000c00f3cc0,0x00000000c3b80000)
 Metaspace       used 32669K, capacity 33322K, committed 33536K, reserved 1079296K
  class space    used 3659K, capacity 3836K, committed 3840K, reserved 1048576K
Event: 227.620 GC heap after
Heap after GC invocations=33 (full 1):
 PSYoungGen      total 352768K, used 1846K [0x00000000ea200000, 0x0000000100000000, 0x0000000100000000)
  eden space 347136K, 0% used [0x00000000ea200000,0x00000000ea200000,0x00000000ff500000)
  from space 5632K, 32% used [0x00000000ffa80000,0x00000000ffc4d938,0x0000000100000000)
  to   space 5632K, 0% used [0x00000000ff500000,0x00000000ff500000,0x00000000ffa80000)
 ParOldGen       total 87552K, used 28691K [0x00000000be600000, 0x00000000c3b80000, 0x00000000ea200000)
  object space 87552K, 32% used [0x00000000be600000,0x00000000c0204d60,0x00000000c3b80000)
 Metaspace       used 32669K, capacity 33322K, committed 33536K, reserved 1079296K
  class space    used 3659K, capacity 3836K, committed 3840K, reserved 1048576K
}
Event: 227.917 GC heap before
{Heap before GC invocations=34 (full 1):
 PSYoungGen      total 352768K, used 348982K [0x00000000ea200000, 0x0000000100000000, 0x0000000100000000)
  eden space 347136K, 100% used [0x00000000ea200000,0x00000000ff500000,0x00000000ff500000)
  from space 5632K, 32% used [0x00000000ffa80000,0x00000000ffc4d938,0x0000000100000000)
  to   space 5632K, 0% used [0x00000000ff500000,0x00000000ff500000,0x00000000ffa80000)
 ParOldGen       total 87552K, used 28691K [0x00000000be600000, 0x00000000c3b80000, 0x00000000ea200000)
  object space 87552K, 32% used [0x00000000be600000,0x00000000c0204d60,0x00000000c3b80000)
 Metaspace       used 32690K, capacity 33322K, committed 33536K, reserved 1079296K
  class space    used 3659K, capacity 3836K, committed 3840K, reserved 1048576K
Event: 227.921 GC heap after
Heap after GC invocations=34 (full 1):
 PSYoungGen      total 349184K, used 1568K [0x00000000ea200000, 0x00000000fff00000, 0x0000000100000000)
  eden space 347136K, 0% used [0x00000000ea200000,0x00000000ea200000,0x00000000ff500000)
  from space 2048K, 76% used [0x00000000ff500000,0x00000000ff6880a0,0x00000000ff700000)
  to   space 5120K, 0% used [0x00000000ffa00000,0x00000000ffa00000,0x00000000fff00000)
 ParOldGen       total 87552K, used 29111K [0x00000000be600000, 0x00000000c3b80000, 0x00000000ea200000)
  object space 87552K, 33% used [0x00000000be600000,0x00000000c026df58,0x00000000c3b80000)
 Metaspace       used 32690K, capacity 33322K, committed 33536K, reserved 1079296K
  class space    used 3659K, capacity 3836K, committed 3840K, reserved 1048576K
}

