# JRE version: Java(TM) SE Runtime Environment (8.0_151-b12) (build 1.8.0_151-b12)
# Java VM: Java HotSpot(TM) 64-Bit Server VM (25.151-b12 mixed mode windows-amd64 compressed oops)
Heap:
 PSYoungGen      total 76288K, used 38661K [0x00000000e4d80000, 0x00000000ea280000, 0x0000000100000000)
  eden space 65536K, 58% used [0x00000000e4d80000,0x00000000e7341690,0x00000000e8d80000)
  from space 10752K, 0% used [0x00000000e9800000,0x00000000e9800000,0x00000000ea280000)
  to   space 10752K, 0% used [0x00000000e8d80000,0x00000000e8d80000,0x00000000e9800000)
 ParOldGen       total 175104K, used 8783K [0x00000000ae800000, 0x00000000b9300000, 0x00000000e4d80000)
  object space 175104K, 5% used [0x00000000ae800000,0x00000000af093ed0,0x00000000b9300000)
 Metaspace       used 23901K, capacity 24240K, committed 24576K, reserved 1071104K
  class space    used 2950K, capacity 3068K, committed 3072K, reserved 1048576K
GC Heap History (6 events):
Event: 64.119 GC heap before
{Heap before GC invocations=1 (full 0):
 PSYoungGen      total 76288K, used 65536K [0x00000000e4d80000, 0x00000000ea280000, 0x0000000100000000)
  eden space 65536K, 100% used [0x00000000e4d80000,0x00000000e8d80000,0x00000000e8d80000)
  from space 10752K, 0% used [0x00000000e9800000,0x00000000e9800000,0x00000000ea280000)
  to   space 10752K, 0% used [0x00000000e8d80000,0x00000000e8d80000,0x00000000e9800000)
 ParOldGen       total 175104K, used 0K [0x00000000ae800000, 0x00000000b9300000, 0x00000000e4d80000)
  object space 175104K, 0% used [0x00000000ae800000,0x00000000ae800000,0x00000000b9300000)
 Metaspace       used 18753K, capacity 19012K, committed 19328K, reserved 1067008K
  class space    used 2263K, capacity 2366K, committed 2432K, reserved 1048576K
Event: 64.155 GC heap after
Heap after GC invocations=1 (full 0):
 PSYoungGen      total 76288K, used 10748K [0x00000000e4d80000, 0x00000000ea280000, 0x0000000100000000)
  eden space 65536K, 0% used [0x00000000e4d80000,0x00000000e4d80000,0x00000000e8d80000)
  from space 10752K, 99% used [0x00000000e8d80000,0x00000000e97ff238,0x00000000e9800000)
  to   space 10752K, 0% used [0x00000000e9800000,0x00000000e9800000,0x00000000ea280000)
 ParOldGen       total 175104K, used 2119K [0x00000000ae800000, 0x00000000b9300000, 0x00000000e4d80000)
  object space 175104K, 1% used [0x00000000ae800000,0x00000000aea11e70,0x00000000b9300000)
 Metaspace       used 18753K, capacity 19012K, committed 19328K, reserved 1067008K
  class space    used 2263K, capacity 2366K, committed 2432K, reserved 1048576K
}
Event: 64.626 GC heap before
{Heap before GC invocations=2 (full 0):
 PSYoungGen      total 76288K, used 28854K [0x00000000e4d80000, 0x00000000ea280000, 0x0000000100000000)
  eden space 65536K, 27% used [0x00000000e4d80000,0x00000000e5f2e698,0x00000000e8d80000)
  from space 10752K, 99% used [0x00000000e8d80000,0x00000000e97ff238,0x00000000e9800000)
  to   space 10752K, 0% used [0x00000000e9800000,0x00000000e9800000,0x00000000ea280000)
 ParOldGen       total 175104K, used 2119K [0x00000000ae800000, 0x00000000b9300000, 0x00000000e4d80000)
  object space 175104K, 1% used [0x00000000ae800000,0x00000000aea11e70,0x00000000b9300000)
 Metaspace       used 20716K, capacity 20980K, committed 21296K, reserved 1069056K
  class space    used 2543K, capacity 2630K, committed 2688K, reserved 1048576K
Event: 64.650 GC heap after
Heap after GC invocations=2 (full 0):
 PSYoungGen      total 76288K, used 9001K [0x00000000e4d80000, 0x00000000ea280000, 0x0000000100000000)
  eden space 65536K, 0% used [0x00000000e4d80000,0x00000000e4d80000,0x00000000e8d80000)
  from space 10752K, 83% used [0x00000000e9800000,0x00000000ea0ca740,0x00000000ea280000)
  to   space 10752K, 0% used [0x00000000e8d80000,0x00000000e8d80000,0x00000000e9800000)
 ParOldGen       total 175104K, used 2127K [0x00000000ae800000, 0x00000000b9300000, 0x00000000e4d80000)
  object space 175104K, 1% used [0x00000000ae800000,0x00000000aea13e70,0x00000000b9300000)
 Metaspace       used 20716K, capacity 20980K, committed 21296K, reserved 1069056K
  class space    used 2543K, capacity 2630K, committed 2688K, reserved 1048576K
}
Event: 64.650 GC heap before
{Heap before GC invocations=3 (full 1):
 PSYoungGen      total 76288K, used 9001K [0x00000000e4d80000, 0x00000000ea280000, 0x0000000100000000)
  eden space 65536K, 0% used [0x00000000e4d80000,0x00000000e4d80000,0x00000000e8d80000)
  from space 10752K, 83% used [0x00000000e9800000,0x00000000ea0ca740,0x00000000ea280000)
  to   space 10752K, 0% used [0x00000000e8d80000,0x00000000e8d80000,0x00000000e9800000)
 ParOldGen       total 175104K, used 2127K [0x00000000ae800000, 0x00000000b9300000, 0x00000000e4d80000)
  object space 175104K, 1% used [0x00000000ae800000,0x00000000aea13e70,0x00000000b9300000)
 Metaspace       used 20716K, capacity 20980K, committed 21296K, reserved 1069056K
  class space    used 2543K, capacity 2630K, committed 2688K, reserved 1048576K
Event: 64.704 GC heap after
Heap after GC invocations=3 (full 1):
 PSYoungGen      total 76288K, used 0K [0x00000000e4d80000, 0x00000000ea280000, 0x0000000100000000)
  eden space 65536K, 0% used [0x00000000e4d80000,0x00000000e4d80000,0x00000000e8d80000)
  from space 10752K, 0% used [0x00000000e9800000,0x00000000e9800000,0x00000000ea280000)
  to   space 10752K, 0% used [0x00000000e8d80000,0x00000000e8d80000,0x00000000e9800000)
 ParOldGen       total 175104K, used 8783K [0x00000000ae800000, 0x00000000b9300000, 0x00000000e4d80000)
  object space 175104K, 5% used [0x00000000ae800000,0x00000000af093ed0,0x00000000b9300000)
 Metaspace       used 20716K, capacity 20980K, committed 21296K, reserved 1069056K
  class space    used 2543K, capacity 2630K, committed 2688K, reserved 1048576K
}

